cometchatui/build/outputs/logs/manifest-merger-debug-report.txt
-- Merging decision tree log ---
manifest
ADDED from src/main/AndroidManifest.xml:2:1-253:12
INJECTED from src/main/AndroidManifest.xml:2:1-253:12
INJECTED from src/main/AndroidManifest.xml:2:1-253:12
INJECTED from src/main/AndroidManifest.xml:2:1-253:12
INJECTED from src/main/AndroidManifest.xml:2:1-253:12
INJECTED from src/main/AndroidManifest.xml:2:1-253:12
INJECTED from src/main/AndroidManifest.xml:2:1-253:12
	package
		ADDED from src/main/AndroidManifest.xml:3:5-46
		INJECTED from src/main/AndroidManifest.xml
		INJECTED from src/main/AndroidManifest.xml
	android:versionName
		INJECTED from src/main/AndroidManifest.xml
		ADDED from src/main/AndroidManifest.xml:2:1-253:12
		INJECTED from src/main/AndroidManifest.xml
	android:versionCode
		INJECTED from src/main/AndroidManifest.xml
		ADDED from src/main/AndroidManifest.xml:2:1-253:12
		INJECTED from src/main/AndroidManifest.xml
	xmlns:android
		ADDED from src/main/AndroidManifest.xml:2:11-69
uses-permission#android.permission.INTERNET
ADDED from src/main/AndroidManifest.xml:5:5-67
	android:name
		ADDED from src/main/AndroidManifest.xml:5:22-64
uses-permission#android.permission.WAKE_LOCK
ADDED from src/main/AndroidManifest.xml:6:5-68
	android:name
		ADDED from src/main/AndroidManifest.xml:6:22-65
uses-permission#android.permission.CHANGE_NETWORK_STATE
ADDED from src/main/AndroidManifest.xml:7:5-79
	android:name
		ADDED from src/main/AndroidManifest.xml:7:22-76
uses-permission#android.permission.ACCESS_NETWORK_STATE
ADDED from src/main/AndroidManifest.xml:9:5-79
	android:name
		ADDED from src/main/AndroidManifest.xml:9:22-76
uses-permission#android.permission.ACCESS_WIFI_STATE
ADDED from src/main/AndroidManifest.xml:10:5-76
	android:name
		ADDED from src/main/AndroidManifest.xml:10:22-73
uses-permission#android.permission.WRITE_INTERNAL_STORAGE
ADDED from src/main/AndroidManifest.xml:11:5-81
	android:name
		ADDED from src/main/AndroidManifest.xml:11:22-78
uses-permission#android.permission.READ_INTERNAL_STORAGE
ADDED from src/main/AndroidManifest.xml:12:5-80
	android:name
		ADDED from src/main/AndroidManifest.xml:12:22-77
uses-permission#android.permission.READ_EXTERNAL_STORAGE
ADDED from src/main/AndroidManifest.xml:13:5-80
	android:name
		ADDED from src/main/AndroidManifest.xml:13:22-77
uses-permission#android.permission.WRITE_EXTERNAL_STORAGE
ADDED from src/main/AndroidManifest.xml:14:5-81
	android:name
		ADDED from src/main/AndroidManifest.xml:14:22-78
uses-permission#android.permission.CAMERA
ADDED from src/main/AndroidManifest.xml:15:5-65
	android:name
		ADDED from src/main/AndroidManifest.xml:15:22-62
uses-permission#android.permission.RECORD_AUDIO
ADDED from src/main/AndroidManifest.xml:16:5-71
	android:name
		ADDED from src/main/AndroidManifest.xml:16:22-68
uses-permission#android.permission.VIBRATE
ADDED from src/main/AndroidManifest.xml:18:5-66
	android:name
		ADDED from src/main/AndroidManifest.xml:18:22-63
uses-permission#android.permission.RECEIVE_BOOT_COMPLETED
ADDED from src/main/AndroidManifest.xml:19:5-81
	android:name
		ADDED from src/main/AndroidManifest.xml:19:22-78
uses-permission#android.permission.READ_CONTACTS
ADDED from src/main/AndroidManifest.xml:20:5-72
	android:name
		ADDED from src/main/AndroidManifest.xml:20:22-69
uses-permission#android.permission.GET_ACCOUNTS
ADDED from src/main/AndroidManifest.xml:21:5-71
	android:name
		ADDED from src/main/AndroidManifest.xml:21:22-68
uses-permission#android.permission.SEND_SMS
ADDED from src/main/AndroidManifest.xml:22:5-67
	android:name
		ADDED from src/main/AndroidManifest.xml:22:22-64
uses-permission#com.google.android.c2dm.permission.RECEIVE
ADDED from src/main/AndroidManifest.xml:23:5-82
	android:name
		ADDED from src/main/AndroidManifest.xml:23:22-79
uses-permission#android.permission.MODIFY_AUDIO_SETTINGS
ADDED from src/main/AndroidManifest.xml:24:5-80
	android:name
		ADDED from src/main/AndroidManifest.xml:24:22-77
uses-permission#android.permission.USE_CREDENTIALS
ADDED from src/main/AndroidManifest.xml:25:5-74
	android:name
		ADDED from src/main/AndroidManifest.xml:25:22-71
uses-permission#com.google.android.providers.gsf.permission.READ_GSERVICES
ADDED from src/main/AndroidManifest.xml:26:5-98
	android:name
		ADDED from src/main/AndroidManifest.xml:26:22-95
uses-permission#android.permission.READ_PHONE_STATE
ADDED from src/main/AndroidManifest.xml:27:5-75
	android:name
		ADDED from src/main/AndroidManifest.xml:27:22-72
application
ADDED from src/main/AndroidManifest.xml:29:5-251:19
	android:supportsRtl
		ADDED from src/main/AndroidManifest.xml:32:9-35
	android:label
		ADDED from src/main/AndroidManifest.xml:31:9-41
	android:name
		ADDED from src/main/AndroidManifest.xml:30:9-38
provider#helpers.GenericFileProvider
ADDED from src/main/AndroidManifest.xml:33:9-41:20
	android:grantUriPermissions
		ADDED from src/main/AndroidManifest.xml:37:13-47
	android:authorities
		ADDED from src/main/AndroidManifest.xml:35:13-60
	android:exported
		ADDED from src/main/AndroidManifest.xml:36:13-37
	android:name
		ADDED from src/main/AndroidManifest.xml:34:13-55
meta-data#android.support.FILE_PROVIDER_PATHS
ADDED from src/main/AndroidManifest.xml:38:13-40:58
	android:resource
		ADDED from src/main/AndroidManifest.xml:40:17-55
	android:name
		ADDED from src/main/AndroidManifest.xml:39:17-67
meta-data#DATABASE
ADDED from src/main/AndroidManifest.xml:43:9-45:47
	android:value
		ADDED from src/main/AndroidManifest.xml:45:13-44
	android:name
		ADDED from src/main/AndroidManifest.xml:44:13-36
meta-data#VERSION
ADDED from src/main/AndroidManifest.xml:46:9-48:34
	android:value
		ADDED from src/main/AndroidManifest.xml:48:13-31
	android:name
		ADDED from src/main/AndroidManifest.xml:47:13-35
meta-data#QUERY_LOG
ADDED from src/main/AndroidManifest.xml:49:9-51:37
	android:value
		ADDED from src/main/AndroidManifest.xml:51:13-34
	android:name
		ADDED from src/main/AndroidManifest.xml:50:13-37
meta-data#DOMAIN_PACKAGE_NAME
ADDED from src/main/AndroidManifest.xml:52:9-54:38
	android:value
		ADDED from src/main/AndroidManifest.xml:54:13-35
	android:name
		ADDED from src/main/AndroidManifest.xml:53:13-47
activity#activities.CometChatActivity
ADDED from src/main/AndroidManifest.xml:56:9-61:20
	android:label
		ADDED from src/main/AndroidManifest.xml:58:13-45
	android:theme
		ADDED from src/main/AndroidManifest.xml:59:13-53
	android:name
		ADDED from src/main/AndroidManifest.xml:57:13-56
activity#activities.CCSettingsActivity
ADDED from src/main/AndroidManifest.xml:62:9-69:20
	android:label
		ADDED from src/main/AndroidManifest.xml:64:13-33
	android:theme
		ADDED from src/main/AndroidManifest.xml:65:13-53
	android:name
		ADDED from src/main/AndroidManifest.xml:63:13-57
meta-data#android.support.PARENT_ACTIVITY
ADDED from src/main/AndroidManifest.xml:66:13-68:64
	android:value
		ADDED from src/main/AndroidManifest.xml:68:17-61
	android:name
		ADDED from src/main/AndroidManifest.xml:67:17-63
activity#activities.CCSingleChatActivity
ADDED from src/main/AndroidManifest.xml:70:9-74:57
	android:windowSoftInputMode
		ADDED from src/main/AndroidManifest.xml:74:13-54
	android:configChanges
		ADDED from src/main/AndroidManifest.xml:72:13-48
	android:theme
		ADDED from src/main/AndroidManifest.xml:73:13-53
	android:name
		ADDED from src/main/AndroidManifest.xml:71:13-59
activity#activities.CCImagePreviewActivity
ADDED from src/main/AndroidManifest.xml:75:9-78:57
	android:windowSoftInputMode
		ADDED from src/main/AndroidManifest.xml:78:13-54
	android:theme
		ADDED from src/main/AndroidManifest.xml:77:13-53
	android:name
		ADDED from src/main/AndroidManifest.xml:76:13-61
activity#activities.CCGroupChatActivity
ADDED from src/main/AndroidManifest.xml:79:9-82:57
	android:windowSoftInputMode
		ADDED from src/main/AndroidManifest.xml:82:13-54
	android:theme
		ADDED from src/main/AndroidManifest.xml:81:13-53
	android:name
		ADDED from src/main/AndroidManifest.xml:80:13-58
activity#activities.CCShowChatroomUsersActivity
ADDED from src/main/AndroidManifest.xml:83:9-86:57
	android:windowSoftInputMode
		ADDED from src/main/AndroidManifest.xml:86:13-54
	android:theme
		ADDED from src/main/AndroidManifest.xml:85:13-53
	android:name
		ADDED from src/main/AndroidManifest.xml:84:13-66
activity#activities.UnbanChatroomUserActivity
ADDED from src/main/AndroidManifest.xml:87:9-90:57
	android:windowSoftInputMode
		ADDED from src/main/AndroidManifest.xml:90:13-54
	android:theme
		ADDED from src/main/AndroidManifest.xml:89:13-53
	android:name
		ADDED from src/main/AndroidManifest.xml:88:13-64
activity#activities.CCInviteUserActivity
ADDED from src/main/AndroidManifest.xml:91:9-94:57
	android:windowSoftInputMode
		ADDED from src/main/AndroidManifest.xml:94:13-54
	android:theme
		ADDED from src/main/AndroidManifest.xml:93:13-53
	android:name
		ADDED from src/main/AndroidManifest.xml:92:13-59
activity#activities.CCCreateChatroomActivity
ADDED from src/main/AndroidManifest.xml:95:9-98:57
	android:windowSoftInputMode
		ADDED from src/main/AndroidManifest.xml:98:13-54
	android:theme
		ADDED from src/main/AndroidManifest.xml:97:13-53
	android:name
		ADDED from src/main/AndroidManifest.xml:96:13-63
activity#activities.CCInviteViaSmsActivity
ADDED from src/main/AndroidManifest.xml:99:9-106:20
	android:label
		ADDED from src/main/AndroidManifest.xml:101:13-69
	android:theme
		ADDED from src/main/AndroidManifest.xml:102:13-53
	android:name
		ADDED from src/main/AndroidManifest.xml:100:13-61
activity#activities.CCSinglePlayerGameActivity
ADDED from src/main/AndroidManifest.xml:107:9-115:20
	android:label
		ADDED from src/main/AndroidManifest.xml:110:13-70
	android:configChanges
		ADDED from src/main/AndroidManifest.xml:109:13-59
	android:theme
		ADDED from src/main/AndroidManifest.xml:111:13-53
	android:name
		ADDED from src/main/AndroidManifest.xml:108:13-65
activity#activities.CCViewProfileActivity
ADDED from src/main/AndroidManifest.xml:116:9-123:20
	android:label
		ADDED from src/main/AndroidManifest.xml:118:13-50
	android:theme
		ADDED from src/main/AndroidManifest.xml:119:13-53
	android:name
		ADDED from src/main/AndroidManifest.xml:117:13-60
activity#activities.CCBotsActivity
ADDED from src/main/AndroidManifest.xml:124:9-131:20
	android:label
		ADDED from src/main/AndroidManifest.xml:126:13-56
	android:theme
		ADDED from src/main/AndroidManifest.xml:127:13-53
	android:name
		ADDED from src/main/AndroidManifest.xml:125:13-53
activity#activities.CCBotsDetailActivity
ADDED from src/main/AndroidManifest.xml:132:9-139:20
	android:label
		ADDED from src/main/AndroidManifest.xml:134:13-53
	android:theme
		ADDED from src/main/AndroidManifest.xml:135:13-53
	android:name
		ADDED from src/main/AndroidManifest.xml:133:13-59
activity#activities.CCSelectLanguageActivity
ADDED from src/main/AndroidManifest.xml:140:9-147:20
	android:label
		ADDED from src/main/AndroidManifest.xml:142:13-67
	android:theme
		ADDED from src/main/AndroidManifest.xml:143:13-53
	android:name
		ADDED from src/main/AndroidManifest.xml:141:13-63
activity#activities.CCUnblockuserActivity
ADDED from src/main/AndroidManifest.xml:148:9-155:20
	android:label
		ADDED from src/main/AndroidManifest.xml:150:13-63
	android:theme
		ADDED from src/main/AndroidManifest.xml:151:13-53
	android:name
		ADDED from src/main/AndroidManifest.xml:149:13-60
activity#activities.CCChatSettingsActivity
ADDED from src/main/AndroidManifest.xml:156:9-163:20
	android:label
		ADDED from src/main/AndroidManifest.xml:158:13-73
	android:theme
		ADDED from src/main/AndroidManifest.xml:159:13-53
	android:name
		ADDED from src/main/AndroidManifest.xml:157:13-61
activity#activities.CCStatusMessageActivity
ADDED from src/main/AndroidManifest.xml:164:9-171:20
	android:label
		ADDED from src/main/AndroidManifest.xml:166:13-66
	android:theme
		ADDED from src/main/AndroidManifest.xml:167:13-53
	android:name
		ADDED from src/main/AndroidManifest.xml:165:13-62
activity#activities.CCUpdateStatusMessageActivity
ADDED from src/main/AndroidManifest.xml:172:9-179:20
	android:label
		ADDED from src/main/AndroidManifest.xml:174:13-56
	android:theme
		ADDED from src/main/AndroidManifest.xml:175:13-53
	android:name
		ADDED from src/main/AndroidManifest.xml:173:13-68
activity#cometchat.inscripts.com.readyui.CCBroadcastMessageActivity
ADDED from src/main/AndroidManifest.xml:180:9-187:20
	android:windowSoftInputMode
		ADDED from src/main/AndroidManifest.xml:183:13-54
	android:theme
		ADDED from src/main/AndroidManifest.xml:182:13-53
	android:name
		ADDED from src/main/AndroidManifest.xml:181:13-55
activity#videochat.CCIncomingCallActivity
ADDED from src/main/AndroidManifest.xml:188:9-192:75
	android:label
		ADDED from src/main/AndroidManifest.xml:190:13-68
	android:launchMode
		ADDED from src/main/AndroidManifest.xml:191:13-44
	android:theme
		ADDED from src/main/AndroidManifest.xml:192:13-72
	android:name
		ADDED from src/main/AndroidManifest.xml:189:13-60
activity#videochat.CCOutgoingCallActivity
ADDED from src/main/AndroidManifest.xml:193:9-197:75
	android:label
		ADDED from src/main/AndroidManifest.xml:195:13-65
	android:launchMode
		ADDED from src/main/AndroidManifest.xml:196:13-44
	android:theme
		ADDED from src/main/AndroidManifest.xml:197:13-72
	android:name
		ADDED from src/main/AndroidManifest.xml:194:13-60
activity#videochat.CCVideoChatActivity
ADDED from src/main/AndroidManifest.xml:198:9-203:75
	android:label
		ADDED from src/main/AndroidManifest.xml:201:13-62
	android:launchMode
		ADDED from src/main/AndroidManifest.xml:202:13-44
	android:configChanges
		ADDED from src/main/AndroidManifest.xml:200:13-59
	android:theme
		ADDED from src/main/AndroidManifest.xml:203:13-72
	android:name
		ADDED from src/main/AndroidManifest.xml:199:13-57
activity#activities.CCViewUserProfileActivity
ADDED from src/main/AndroidManifest.xml:204:9-210:20
	android:theme
		ADDED from src/main/AndroidManifest.xml:206:13-53
	android:name
		ADDED from src/main/AndroidManifest.xml:205:13-64
activity#activities.CCAnnouncementsActivity
ADDED from src/main/AndroidManifest.xml:211:9-217:20
	android:theme
		ADDED from src/main/AndroidManifest.xml:213:13-53
	android:name
		ADDED from src/main/AndroidManifest.xml:212:13-62
activity#activities.CCInviteAVBroadcastUsers
ADDED from src/main/AndroidManifest.xml:218:9-224:20
	android:theme
		ADDED from src/main/AndroidManifest.xml:220:13-53
	android:name
		ADDED from src/main/AndroidManifest.xml:219:13-63
receiver#receivers.NetworkChangeReceiver
ADDED from src/main/AndroidManifest.xml:226:9-234:20
	android:enabled
		ADDED from src/main/AndroidManifest.xml:228:13-35
	android:label
		ADDED from src/main/AndroidManifest.xml:229:13-50
	android:name
		ADDED from src/main/AndroidManifest.xml:227:13-59
intent-filter#action:name:android.net.conn.CONNECTIVITY_CHANGE+action:name:android.net.wifi.WIFI_STATE_CHANGED
ADDED from src/main/AndroidManifest.xml:230:13-233:29
action#android.net.conn.CONNECTIVITY_CHANGE
ADDED from src/main/AndroidManifest.xml:231:17-79
	android:name
		ADDED from src/main/AndroidManifest.xml:231:25-76
action#android.net.wifi.WIFI_STATE_CHANGED
ADDED from src/main/AndroidManifest.xml:232:17-78
	android:name
		ADDED from src/main/AndroidManifest.xml:232:25-75
service#services.OfflineMessagingService
ADDED from src/main/AndroidManifest.xml:236:9-239:38
	android:enabled
		ADDED from src/main/AndroidManifest.xml:239:13-35
	android:permission
		ADDED from src/main/AndroidManifest.xml:238:13-69
	android:name
		ADDED from src/main/AndroidManifest.xml:237:13-60
meta-data#io.fabric.ApiKey
ADDED from src/main/AndroidManifest.xml:241:9-243:72
	android:value
		ADDED from src/main/AndroidManifest.xml:243:13-69
	android:name
		ADDED from src/main/AndroidManifest.xml:242:13-44
service#services.CCSubscribeService
ADDED from src/main/AndroidManifest.xml:245:9-248:38
	android:enabled
		ADDED from src/main/AndroidManifest.xml:247:13-35
	android:exported
		ADDED from src/main/AndroidManifest.xml:248:13-36
	android:name
		ADDED from src/main/AndroidManifest.xml:246:13-55
service#services.CreditDeductionService
ADDED from src/main/AndroidManifest.xml:249:9-66
	android:name
		ADDED from src/main/AndroidManifest.xml:249:18-64
uses-sdk
INJECTED from src/main/AndroidManifest.xml reason: use-sdk injection requested
INJECTED from src/main/AndroidManifest.xml
INJECTED from src/main/AndroidManifest.xml
INJECTED from src/main/AndroidManifest.xml
INJECTED from src/main/AndroidManifest.xml
	android:targetSdkVersion
		INJECTED from src/main/AndroidManifest.xml
		ADDED from src/main/AndroidManifest.xml
		INJECTED from src/main/AndroidManifest.xml
	android:minSdkVersion
		INJECTED from src/main/AndroidManifest.xml
		ADDED from src/main/AndroidManifest.xml
		INJECTED from src/main/AndroidManifest.xml